<?xml version="1.0" encoding="UTF-8"?>
<!-- Generated by org.testng.reporters.JUnitReportReporter -->
<testsuite hostname="Aditya" failures="0" tests="1" name="tests.LoginTest" time="21.988" errors="0" timestamp="2023-07-04T12:20:54 IST" skipped="0">
  <testcase classname="tests.LoginTest" name="verifyLoginTitle" time="21.988"/>
</testsuite> <!-- tests.LoginTest -->
