<?xml version="1.0" encoding="UTF-8"?>
<!-- Generated by org.testng.reporters.JUnitReportReporter -->
<testsuite hostname="Aditya" failures="0" tests="1" name="tests.LoginTest2" time="17.621" errors="0" timestamp="2023-07-04T12:43:06 IST" skipped="0">
  <testcase classname="tests.LoginTest2" name="verifyLoginUrl" time="17.621"/>
  <system-out/>
</testsuite> <!-- tests.LoginTest2 -->
